[GIN-VUE-ADMIN]2021/03/24 - 11:22:02.672	[34minfo[0m	C:/Users/martin/go/src/danci-api/initialize/router.go:19	use middleware logger
[GIN-VUE-ADMIN]2021/03/24 - 11:22:02.699	[34minfo[0m	C:/Users/martin/go/src/danci-api/initialize/router.go:22	use middleware cors
[GIN-VUE-ADMIN]2021/03/24 - 11:22:02.699	[34minfo[0m	C:/Users/martin/go/src/danci-api/initialize/router.go:24	register swagger handler
[GIN-VUE-ADMIN]2021/03/24 - 11:22:02.699	[34minfo[0m	C:/Users/martin/go/src/danci-api/initialize/router.go:26	router register success
[GIN-VUE-ADMIN]2021/03/24 - 11:22:02.701	[34minfo[0m	C:/Users/martin/go/src/danci-api/core/server.go:28	server run success on 	{"address": ":8888"}
[GIN-VUE-ADMIN]2021/03/24 - 11:22:56.315	[34minfo[0m	C:/Users/martin/go/src/danci-api/initialize/router.go:19	use middleware logger
[GIN-VUE-ADMIN]2021/03/24 - 11:22:56.341	[34minfo[0m	C:/Users/martin/go/src/danci-api/initialize/router.go:22	use middleware cors
[GIN-VUE-ADMIN]2021/03/24 - 11:22:56.342	[34minfo[0m	C:/Users/martin/go/src/danci-api/initialize/router.go:24	register swagger handler
[GIN-VUE-ADMIN]2021/03/24 - 11:22:56.342	[34minfo[0m	C:/Users/martin/go/src/danci-api/initialize/router.go:26	router register success
[GIN-VUE-ADMIN]2021/03/24 - 11:22:56.343	[34minfo[0m	C:/Users/martin/go/src/danci-api/core/server.go:28	server run success on 	{"address": ":8888"}
[GIN-VUE-ADMIN]2021/03/24 - 11:26:00.770	[31merror[0m	C:/Users/martin/go/src/danci-api/initialize/gorm.go:45	register table failed	{"err": "Error 1064: You have an error in your SQL syntax; check the manual that corresponds to your MySQL server version for the right syntax to use near ')' at line 1"}
[GIN-VUE-ADMIN]2021/03/24 - 11:26:25.290	[34minfo[0m	C:/Users/martin/go/src/danci-api/initialize/gorm.go:47	register table success
[GIN-VUE-ADMIN]2021/03/24 - 11:26:25.318	[34minfo[0m	C:/Users/martin/go/src/danci-api/initialize/router.go:19	use middleware logger
[GIN-VUE-ADMIN]2021/03/24 - 11:26:25.318	[34minfo[0m	C:/Users/martin/go/src/danci-api/initialize/router.go:22	use middleware cors
[GIN-VUE-ADMIN]2021/03/24 - 11:26:25.318	[34minfo[0m	C:/Users/martin/go/src/danci-api/initialize/router.go:24	register swagger handler
[GIN-VUE-ADMIN]2021/03/24 - 11:26:25.318	[34minfo[0m	C:/Users/martin/go/src/danci-api/initialize/router.go:26	router register success
[GIN-VUE-ADMIN]2021/03/24 - 11:26:25.319	[34minfo[0m	C:/Users/martin/go/src/danci-api/core/server.go:28	server run success on 	{"address": ":8888"}
[GIN-VUE-ADMIN]2021/03/24 - 11:30:43.819	[34minfo[0m	C:/Users/martin/go/src/danci-api/initialize/gorm.go:49	register table success
[GIN-VUE-ADMIN]2021/03/24 - 11:30:43.846	[34minfo[0m	C:/Users/martin/go/src/danci-api/initialize/router.go:19	use middleware logger
[GIN-VUE-ADMIN]2021/03/24 - 11:30:43.846	[34minfo[0m	C:/Users/martin/go/src/danci-api/initialize/router.go:22	use middleware cors
[GIN-VUE-ADMIN]2021/03/24 - 11:30:43.846	[34minfo[0m	C:/Users/martin/go/src/danci-api/initialize/router.go:24	register swagger handler
[GIN-VUE-ADMIN]2021/03/24 - 11:30:43.846	[34minfo[0m	C:/Users/martin/go/src/danci-api/initialize/router.go:26	router register success
[GIN-VUE-ADMIN]2021/03/24 - 11:30:43.848	[34minfo[0m	C:/Users/martin/go/src/danci-api/core/server.go:28	server run success on 	{"address": ":8888"}
[GIN-VUE-ADMIN]2021/03/24 - 11:35:58.838	[34minfo[0m	C:/Users/martin/go/src/danci-api/initialize/gorm.go:49	register table success
[GIN-VUE-ADMIN]2021/03/24 - 11:35:58.865	[34minfo[0m	C:/Users/martin/go/src/danci-api/initialize/router.go:16	use middleware logger
[GIN-VUE-ADMIN]2021/03/24 - 11:35:58.865	[34minfo[0m	C:/Users/martin/go/src/danci-api/initialize/router.go:19	use middleware cors
[GIN-VUE-ADMIN]2021/03/24 - 11:35:58.865	[34minfo[0m	C:/Users/martin/go/src/danci-api/initialize/router.go:21	register swagger handler
[GIN-VUE-ADMIN]2021/03/24 - 11:35:58.865	[34minfo[0m	C:/Users/martin/go/src/danci-api/initialize/router.go:25	router register success
[GIN-VUE-ADMIN]2021/03/24 - 11:35:58.866	[34minfo[0m	C:/Users/martin/go/src/danci-api/core/server.go:28	server run success on 	{"address": ":8888"}
[GIN-VUE-ADMIN]2021/03/24 - 15:04:44.972	[34minfo[0m	C:/Users/martin/go/src/danci-api/initialize/router.go:16	use middleware logger
[GIN-VUE-ADMIN]2021/03/24 - 15:04:45.000	[34minfo[0m	C:/Users/martin/go/src/danci-api/initialize/router.go:23	router register success
[GIN-VUE-ADMIN]2021/03/24 - 15:04:45.002	[34minfo[0m	C:/Users/martin/go/src/danci-api/core/server.go:28	server run success on 	{"address": ":8888"}
[GIN-VUE-ADMIN]2021/03/24 - 15:09:06.670	[34minfo[0m	C:/Users/martin/go/src/danci-api/initialize/router.go:17	use middleware logger
[GIN-VUE-ADMIN]2021/03/24 - 15:09:06.699	[34minfo[0m	C:/Users/martin/go/src/danci-api/initialize/router.go:24	router register success
[GIN-VUE-ADMIN]2021/03/24 - 15:09:06.700	[34minfo[0m	C:/Users/martin/go/src/danci-api/core/server.go:28	server run success on 	{"address": ":8888"}
[GIN-VUE-ADMIN]2021/03/24 - 15:12:06.164	[34minfo[0m	C:/Users/martin/go/src/danci-api/initialize/router.go:17	use middleware logger
[GIN-VUE-ADMIN]2021/03/24 - 15:12:06.194	[34minfo[0m	C:/Users/martin/go/src/danci-api/initialize/router.go:24	router register success
[GIN-VUE-ADMIN]2021/03/24 - 15:12:06.196	[34minfo[0m	C:/Users/martin/go/src/danci-api/core/server.go:28	server run success on 	{"address": ":8888"}
[GIN-VUE-ADMIN]2021/03/24 - 15:25:21.403	[34minfo[0m	C:/Users/martin/go/src/danci-api/initialize/router.go:17	use middleware logger
[GIN-VUE-ADMIN]2021/03/24 - 15:25:21.430	[34minfo[0m	C:/Users/martin/go/src/danci-api/initialize/router.go:24	router register success
[GIN-VUE-ADMIN]2021/03/24 - 15:25:21.431	[34minfo[0m	C:/Users/martin/go/src/danci-api/core/server.go:28	server run success on 	{"address": ":8888"}
[GIN-VUE-ADMIN]2021/03/24 - 16:34:34.783	[34minfo[0m	C:/Users/martin/go/src/danci-api/initialize/router.go:17	use middleware logger
[GIN-VUE-ADMIN]2021/03/24 - 16:34:34.851	[34minfo[0m	C:/Users/martin/go/src/danci-api/initialize/router.go:24	router register success
[GIN-VUE-ADMIN]2021/03/24 - 16:34:34.853	[34minfo[0m	C:/Users/martin/go/src/danci-api/core/server.go:28	server run success on 	{"address": ":8888"}
[GIN-VUE-ADMIN]2021/03/24 - 16:36:20.624	[34minfo[0m	C:/Users/martin/go/src/danci-api/initialize/router.go:17	use middleware logger
[GIN-VUE-ADMIN]2021/03/24 - 16:36:20.651	[34minfo[0m	C:/Users/martin/go/src/danci-api/initialize/router.go:24	router register success
[GIN-VUE-ADMIN]2021/03/24 - 16:36:20.651	[34minfo[0m	C:/Users/martin/go/src/danci-api/core/server.go:28	server run success on 	{"address": ":8888"}
[GIN-VUE-ADMIN]2021/03/24 - 16:40:42.093	[34minfo[0m	C:/Users/martin/go/src/danci-api/initialize/router.go:17	use middleware logger
[GIN-VUE-ADMIN]2021/03/24 - 16:40:42.119	[34minfo[0m	C:/Users/martin/go/src/danci-api/initialize/router.go:24	router register success
[GIN-VUE-ADMIN]2021/03/24 - 16:40:42.120	[34minfo[0m	C:/Users/martin/go/src/danci-api/core/server.go:28	server run success on 	{"address": ":8888"}
[GIN-VUE-ADMIN]2021/03/24 - 16:44:34.704	[34minfo[0m	C:/Users/martin/go/src/danci-api/initialize/router.go:17	use middleware logger
[GIN-VUE-ADMIN]2021/03/24 - 16:44:34.730	[34minfo[0m	C:/Users/martin/go/src/danci-api/initialize/router.go:24	router register success
[GIN-VUE-ADMIN]2021/03/24 - 16:44:34.731	[34minfo[0m	C:/Users/martin/go/src/danci-api/core/server.go:28	server run success on 	{"address": ":8888"}
[GIN-VUE-ADMIN]2021/03/24 - 16:48:42.178	[34minfo[0m	C:/Users/martin/go/src/danci-api/initialize/router.go:17	use middleware logger
[GIN-VUE-ADMIN]2021/03/24 - 16:48:42.206	[34minfo[0m	C:/Users/martin/go/src/danci-api/initialize/router.go:24	router register success
[GIN-VUE-ADMIN]2021/03/24 - 16:48:42.208	[34minfo[0m	C:/Users/martin/go/src/danci-api/core/server.go:28	server run success on 	{"address": ":8888"}
[GIN-VUE-ADMIN]2021/03/24 - 16:55:02.808	[34minfo[0m	C:/Users/martin/go/src/danci-api/initialize/router.go:17	use middleware logger
[GIN-VUE-ADMIN]2021/03/24 - 16:55:02.834	[34minfo[0m	C:/Users/martin/go/src/danci-api/initialize/router.go:24	router register success
[GIN-VUE-ADMIN]2021/03/24 - 16:55:02.835	[34minfo[0m	C:/Users/martin/go/src/danci-api/core/server.go:28	server run success on 	{"address": ":8888"}
[GIN-VUE-ADMIN]2021/03/24 - 16:56:04.964	[34minfo[0m	C:/Users/martin/go/src/danci-api/initialize/router.go:17	use middleware logger
[GIN-VUE-ADMIN]2021/03/24 - 16:56:04.990	[34minfo[0m	C:/Users/martin/go/src/danci-api/initialize/router.go:24	router register success
[GIN-VUE-ADMIN]2021/03/24 - 16:56:04.991	[34minfo[0m	C:/Users/martin/go/src/danci-api/core/server.go:28	server run success on 	{"address": ":8888"}
[GIN-VUE-ADMIN]2021/03/24 - 16:57:34.484	[34minfo[0m	C:/Users/martin/go/src/danci-api/initialize/router.go:17	use middleware logger
[GIN-VUE-ADMIN]2021/03/24 - 16:57:34.515	[34minfo[0m	C:/Users/martin/go/src/danci-api/initialize/router.go:24	router register success
[GIN-VUE-ADMIN]2021/03/24 - 16:57:34.516	[34minfo[0m	C:/Users/martin/go/src/danci-api/core/server.go:28	server run success on 	{"address": ":8888"}
[GIN-VUE-ADMIN]2021/03/24 - 16:58:38.741	[34minfo[0m	C:/Users/martin/go/src/danci-api/initialize/router.go:17	use middleware logger
[GIN-VUE-ADMIN]2021/03/24 - 16:58:38.768	[34minfo[0m	C:/Users/martin/go/src/danci-api/initialize/router.go:24	router register success
[GIN-VUE-ADMIN]2021/03/24 - 16:58:38.769	[34minfo[0m	C:/Users/martin/go/src/danci-api/core/server.go:28	server run success on 	{"address": ":8888"}
[GIN-VUE-ADMIN]2021/03/24 - 16:59:29.083	[34minfo[0m	C:/Users/martin/go/src/danci-api/initialize/router.go:17	use middleware logger
[GIN-VUE-ADMIN]2021/03/24 - 16:59:29.109	[34minfo[0m	C:/Users/martin/go/src/danci-api/initialize/router.go:24	router register success
[GIN-VUE-ADMIN]2021/03/24 - 16:59:29.110	[34minfo[0m	C:/Users/martin/go/src/danci-api/core/server.go:28	server run success on 	{"address": ":8888"}
[GIN-VUE-ADMIN]2021/03/24 - 17:10:05.527	[34minfo[0m	C:/Users/martin/go/src/danci-api/initialize/router.go:17	use middleware logger
[GIN-VUE-ADMIN]2021/03/24 - 17:10:05.554	[34minfo[0m	C:/Users/martin/go/src/danci-api/initialize/router.go:24	router register success
[GIN-VUE-ADMIN]2021/03/24 - 17:10:05.556	[34minfo[0m	C:/Users/martin/go/src/danci-api/core/server.go:28	server run success on 	{"address": ":8888"}
[GIN-VUE-ADMIN]2021/03/24 - 17:57:34.779	[34minfo[0m	C:/Users/martin/go/src/danci-api/initialize/gorm.go:48	register table success
[GIN-VUE-ADMIN]2021/03/24 - 17:57:34.807	[34minfo[0m	C:/Users/martin/go/src/danci-api/initialize/router.go:17	use middleware logger
[GIN-VUE-ADMIN]2021/03/24 - 17:57:34.807	[34minfo[0m	C:/Users/martin/go/src/danci-api/initialize/router.go:24	router register success
[GIN-VUE-ADMIN]2021/03/24 - 17:57:34.808	[34minfo[0m	C:/Users/martin/go/src/danci-api/core/server.go:28	server run success on 	{"address": ":8888"}
[GIN-VUE-ADMIN]2021/03/24 - 17:59:53.879	[34minfo[0m	C:/Users/martin/go/src/danci-api/initialize/gorm.go:48	register table success
[GIN-VUE-ADMIN]2021/03/24 - 17:59:53.905	[34minfo[0m	C:/Users/martin/go/src/danci-api/initialize/router.go:17	use middleware logger
[GIN-VUE-ADMIN]2021/03/24 - 17:59:53.906	[34minfo[0m	C:/Users/martin/go/src/danci-api/initialize/router.go:24	router register success
[GIN-VUE-ADMIN]2021/03/24 - 17:59:53.907	[34minfo[0m	C:/Users/martin/go/src/danci-api/core/server.go:28	server run success on 	{"address": ":8888"}
[GIN-VUE-ADMIN]2021/03/24 - 18:01:01.811	[34minfo[0m	C:/Users/martin/go/src/danci-api/initialize/gorm.go:48	register table success
[GIN-VUE-ADMIN]2021/03/24 - 18:01:01.838	[34minfo[0m	C:/Users/martin/go/src/danci-api/initialize/router.go:17	use middleware logger
[GIN-VUE-ADMIN]2021/03/24 - 18:01:01.839	[34minfo[0m	C:/Users/martin/go/src/danci-api/initialize/router.go:24	router register success
[GIN-VUE-ADMIN]2021/03/24 - 18:01:01.840	[34minfo[0m	C:/Users/martin/go/src/danci-api/core/server.go:28	server run success on 	{"address": ":8888"}
[GIN-VUE-ADMIN]2021/03/24 - 18:03:14.329	[34minfo[0m	C:/Users/martin/go/src/danci-api/initialize/gorm.go:48	register table success
[GIN-VUE-ADMIN]2021/03/24 - 18:03:14.355	[34minfo[0m	C:/Users/martin/go/src/danci-api/initialize/router.go:17	use middleware logger
[GIN-VUE-ADMIN]2021/03/24 - 18:03:14.356	[34minfo[0m	C:/Users/martin/go/src/danci-api/initialize/router.go:24	router register success
[GIN-VUE-ADMIN]2021/03/24 - 18:03:14.357	[34minfo[0m	C:/Users/martin/go/src/danci-api/core/server.go:28	server run success on 	{"address": ":8888"}
[GIN-VUE-ADMIN]2021/03/24 - 18:03:24.427	[34minfo[0m	C:/Users/martin/go/src/danci-api/initialize/gorm.go:48	register table success
[GIN-VUE-ADMIN]2021/03/24 - 18:03:24.453	[34minfo[0m	C:/Users/martin/go/src/danci-api/initialize/router.go:17	use middleware logger
[GIN-VUE-ADMIN]2021/03/24 - 18:03:24.455	[34minfo[0m	C:/Users/martin/go/src/danci-api/initialize/router.go:24	router register success
[GIN-VUE-ADMIN]2021/03/24 - 18:03:24.455	[34minfo[0m	C:/Users/martin/go/src/danci-api/core/server.go:28	server run success on 	{"address": ":8888"}
[GIN-VUE-ADMIN]2021/03/24 - 18:04:22.971	[34minfo[0m	C:/Users/martin/go/src/danci-api/initialize/gorm.go:48	register table success
[GIN-VUE-ADMIN]2021/03/24 - 18:04:23.000	[34minfo[0m	C:/Users/martin/go/src/danci-api/initialize/router.go:17	use middleware logger
[GIN-VUE-ADMIN]2021/03/24 - 18:04:23.001	[34minfo[0m	C:/Users/martin/go/src/danci-api/initialize/router.go:24	router register success
[GIN-VUE-ADMIN]2021/03/24 - 18:04:23.002	[34minfo[0m	C:/Users/martin/go/src/danci-api/core/server.go:28	server run success on 	{"address": ":8888"}
[GIN-VUE-ADMIN]2021/03/24 - 18:05:37.323	[34minfo[0m	C:/Users/martin/go/src/danci-api/initialize/gorm.go:48	register table success
[GIN-VUE-ADMIN]2021/03/24 - 18:05:37.349	[34minfo[0m	C:/Users/martin/go/src/danci-api/initialize/router.go:17	use middleware logger
[GIN-VUE-ADMIN]2021/03/24 - 18:05:37.349	[34minfo[0m	C:/Users/martin/go/src/danci-api/initialize/router.go:24	router register success
[GIN-VUE-ADMIN]2021/03/24 - 18:05:37.350	[34minfo[0m	C:/Users/martin/go/src/danci-api/core/server.go:28	server run success on 	{"address": ":8888"}
[GIN-VUE-ADMIN]2021/03/24 - 18:07:43.980	[34minfo[0m	C:/Users/martin/go/src/danci-api/initialize/gorm.go:48	register table success
[GIN-VUE-ADMIN]2021/03/24 - 18:07:44.009	[34minfo[0m	C:/Users/martin/go/src/danci-api/initialize/router.go:17	use middleware logger
[GIN-VUE-ADMIN]2021/03/24 - 18:07:44.009	[34minfo[0m	C:/Users/martin/go/src/danci-api/initialize/router.go:24	router register success
[GIN-VUE-ADMIN]2021/03/24 - 18:07:44.010	[34minfo[0m	C:/Users/martin/go/src/danci-api/core/server.go:28	server run success on 	{"address": ":8888"}
[GIN-VUE-ADMIN]2021/03/24 - 18:09:08.156	[34minfo[0m	C:/Users/martin/go/src/danci-api/initialize/gorm.go:48	register table success
[GIN-VUE-ADMIN]2021/03/24 - 18:09:08.182	[34minfo[0m	C:/Users/martin/go/src/danci-api/initialize/router.go:17	use middleware logger
[GIN-VUE-ADMIN]2021/03/24 - 18:09:08.182	[34minfo[0m	C:/Users/martin/go/src/danci-api/initialize/router.go:24	router register success
[GIN-VUE-ADMIN]2021/03/24 - 18:09:08.183	[34minfo[0m	C:/Users/martin/go/src/danci-api/core/server.go:28	server run success on 	{"address": ":8888"}
[GIN-VUE-ADMIN]2021/03/24 - 18:09:49.036	[34minfo[0m	C:/Users/martin/go/src/danci-api/initialize/gorm.go:48	register table success
[GIN-VUE-ADMIN]2021/03/24 - 18:09:49.063	[34minfo[0m	C:/Users/martin/go/src/danci-api/initialize/router.go:17	use middleware logger
[GIN-VUE-ADMIN]2021/03/24 - 18:09:49.063	[34minfo[0m	C:/Users/martin/go/src/danci-api/initialize/router.go:24	router register success
[GIN-VUE-ADMIN]2021/03/24 - 18:09:49.063	[34minfo[0m	C:/Users/martin/go/src/danci-api/core/server.go:28	server run success on 	{"address": ":8888"}
[GIN-VUE-ADMIN]2021/03/24 - 19:38:06.806	[34minfo[0m	C:/Users/MartinYin/go/src/danci-api/initialize/router.go:17	use middleware logger
[GIN-VUE-ADMIN]2021/03/24 - 19:38:06.846	[34minfo[0m	C:/Users/MartinYin/go/src/danci-api/initialize/router.go:24	router register success
[GIN-VUE-ADMIN]2021/03/24 - 19:38:06.847	[34minfo[0m	C:/Users/MartinYin/go/src/danci-api/core/server.go:28	server run success on 	{"address": ":8888"}
[GIN-VUE-ADMIN]2021/03/24 - 19:41:11.603	[34minfo[0m	C:/Users/MartinYin/go/src/danci-api/initialize/gorm.go:48	register table success
[GIN-VUE-ADMIN]2021/03/24 - 19:41:11.622	[34minfo[0m	C:/Users/MartinYin/go/src/danci-api/initialize/router.go:17	use middleware logger
[GIN-VUE-ADMIN]2021/03/24 - 19:41:11.622	[34minfo[0m	C:/Users/MartinYin/go/src/danci-api/initialize/router.go:24	router register success
[GIN-VUE-ADMIN]2021/03/24 - 19:41:11.622	[34minfo[0m	C:/Users/MartinYin/go/src/danci-api/core/server.go:28	server run success on 	{"address": ":8888"}
[GIN-VUE-ADMIN]2021/03/24 - 19:41:11.624	[31merror[0m	C:/Users/MartinYin/go/src/danci-api/core/server.go:30	listen tcp :8888: bind: Only one usage of each socket address (protocol/network address/port) is normally permitted.
[GIN-VUE-ADMIN]2021/03/24 - 19:41:31.719	[34minfo[0m	C:/Users/MartinYin/go/src/danci-api/initialize/gorm.go:48	register table success
[GIN-VUE-ADMIN]2021/03/24 - 19:41:31.742	[34minfo[0m	C:/Users/MartinYin/go/src/danci-api/initialize/router.go:17	use middleware logger
[GIN-VUE-ADMIN]2021/03/24 - 19:41:31.742	[34minfo[0m	C:/Users/MartinYin/go/src/danci-api/initialize/router.go:24	router register success
[GIN-VUE-ADMIN]2021/03/24 - 19:41:31.743	[34minfo[0m	C:/Users/MartinYin/go/src/danci-api/core/server.go:28	server run success on 	{"address": ":8889"}
[GIN-VUE-ADMIN]2021/03/24 - 21:10:03.870	[34minfo[0m	C:/Users/MartinYin/go/src/danci-api/initialize/gorm.go:48	register table success
[GIN-VUE-ADMIN]2021/03/24 - 21:10:03.887	[34minfo[0m	C:/Users/MartinYin/go/src/danci-api/initialize/router.go:17	use middleware logger
[GIN-VUE-ADMIN]2021/03/24 - 21:10:03.887	[34minfo[0m	C:/Users/MartinYin/go/src/danci-api/initialize/router.go:24	router register success
[GIN-VUE-ADMIN]2021/03/24 - 21:10:03.888	[34minfo[0m	C:/Users/MartinYin/go/src/danci-api/core/server.go:28	server run success on 	{"address": ":8889"}
[GIN-VUE-ADMIN]2021/03/24 - 21:19:03.489	[34minfo[0m	C:/Users/MartinYin/go/src/danci-api/initialize/gorm.go:48	register table success
[GIN-VUE-ADMIN]2021/03/24 - 21:19:03.506	[34minfo[0m	C:/Users/MartinYin/go/src/danci-api/initialize/router.go:17	use middleware logger
[GIN-VUE-ADMIN]2021/03/24 - 21:19:03.506	[34minfo[0m	C:/Users/MartinYin/go/src/danci-api/initialize/router.go:24	router register success
[GIN-VUE-ADMIN]2021/03/24 - 21:19:03.507	[34minfo[0m	C:/Users/MartinYin/go/src/danci-api/core/server.go:28	server run success on 	{"address": ":8889"}
[GIN-VUE-ADMIN]2021/03/24 - 21:21:03.563	[34minfo[0m	C:/Users/MartinYin/go/src/danci-api/initialize/gorm.go:48	register table success
[GIN-VUE-ADMIN]2021/03/24 - 21:21:03.579	[34minfo[0m	C:/Users/MartinYin/go/src/danci-api/initialize/router.go:17	use middleware logger
[GIN-VUE-ADMIN]2021/03/24 - 21:21:03.579	[34minfo[0m	C:/Users/MartinYin/go/src/danci-api/initialize/router.go:24	router register success
[GIN-VUE-ADMIN]2021/03/24 - 21:21:03.580	[34minfo[0m	C:/Users/MartinYin/go/src/danci-api/core/server.go:28	server run success on 	{"address": ":8889"}
[GIN-VUE-ADMIN]2021/03/24 - 22:23:25.278	[34minfo[0m	C:/Users/MartinYin/go/src/danci-api/initialize/gorm.go:48	register table success
[GIN-VUE-ADMIN]2021/03/24 - 22:23:25.293	[34minfo[0m	C:/Users/MartinYin/go/src/danci-api/initialize/router.go:17	use middleware logger
[GIN-VUE-ADMIN]2021/03/24 - 22:23:25.293	[34minfo[0m	C:/Users/MartinYin/go/src/danci-api/initialize/router.go:24	router register success
[GIN-VUE-ADMIN]2021/03/24 - 22:23:25.294	[34minfo[0m	C:/Users/MartinYin/go/src/danci-api/core/server.go:28	server run success on 	{"address": ":8889"}
